빌드 시작: 2018-07-29 오후 9:15:43
     1>2 노드의 "C:\Users\권영주\Documents\GitHub\score\score\score\score.vcxproj" 프로젝트(Build 대상)입니다.
     1>ClCompile:
         C:\Program Files (x86)\Microsoft Visual Studio 12.0\VC\bin\CL.exe /c /ZI /nologo /W3 /WX- /sdl /Od /Oy- /D WIN32 /D _DEBUG /D _CONSOLE /D _LIB /D _CRT_SECURE_NO_WARNINGS /D _UNICODE /D UNICODE /Gm /EHsc /RTC1 /MDd /GS /fp:precise /Zc:wchar_t /Zc:forScope /Fo"Debug\\" /Fd"Debug\vc120.pdb" /Gd /TC /analyze- /errorReport:prompt main.c score.c
         score.c
     1>c:\users\권영주\documents\github\score\score\score\score.c(24): warning C4018: '<' : signed 또는 unsigned가 일치하지 않습니다.
     1>c:\users\권영주\documents\github\score\score\score\score.c(30): warning C4018: '<' : signed 또는 unsigned가 일치하지 않습니다.
     1>c:\users\권영주\documents\github\score\score\score\score.c(31): warning C4018: '<' : signed 또는 unsigned가 일치하지 않습니다.
     1>c:\users\권영주\documents\github\score\score\score\score.c(63): warning C4018: '<' : signed 또는 unsigned가 일치하지 않습니다.
     1>c:\users\권영주\documents\github\score\score\score\score.c(70): warning C4018: '<' : signed 또는 unsigned가 일치하지 않습니다.
     1>c:\users\권영주\documents\github\score\score\score\score.c(73): warning C4018: '<' : signed 또는 unsigned가 일치하지 않습니다.
         main.c
     1>c:\users\권영주\documents\github\score\score\score\main.c(8): warning C4013: 'malloc'이(가) 정의되지 않았습니다. extern은 int형을 반환하는 것으로 간주합니다.
     1>c:\users\권영주\documents\github\score\score\score\main.c(12): warning C4013: 'free'이(가) 정의되지 않았습니다. extern은 int형을 반환하는 것으로 간주합니다.
         코드를 생성하고 있습니다...
       Link:
         C:\Program Files (x86)\Microsoft Visual Studio 12.0\VC\bin\link.exe /ERRORREPORT:PROMPT /OUT:"C:\Users\권영주\Documents\GitHub\score\score\Debug\score.exe" /INCREMENTAL /NOLOGO kernel32.lib user32.lib gdi32.lib winspool.lib comdlg32.lib advapi32.lib shell32.lib ole32.lib oleaut32.lib uuid.lib odbc32.lib odbccp32.lib /MANIFEST /MANIFESTUAC:"level='asInvoker' uiAccess='false'" /manifest:embed /DEBUG /PDB:"C:\Users\권영주\Documents\GitHub\score\score\Debug\score.pdb" /SUBSYSTEM:CONSOLE /TLBID:1 /DYNAMICBASE /NXCOMPAT /IMPLIB:"C:\Users\권영주\Documents\GitHub\score\score\Debug\score.lib" /MACHINE:X86 Debug\main.obj
         Debug\score.obj
         score.vcxproj -> C:\Users\권영주\Documents\GitHub\score\score\Debug\score.exe
     1>"C:\Users\권영주\Documents\GitHub\score\score\score\score.vcxproj" 프로젝트를 빌드했습니다(Build 대상).

빌드했습니다.

경과 시간: 00:00:00.59
